<?xml version="1.0"?>

<mule
	xmlns:liferay="http://www.mulesoft.org/schema/mule/liferay" xmlns="http://www.mulesoft.org/schema/mule/core"
	xmlns:doc="http://www.mulesoft.org/schema/mule/documentation"
	xmlns:xsi="http://www.w3.org/2001/XMLSchema-instance"
	xsi:schemaLocation="http://www.mulesoft.org/schema/mule/core http://www.mulesoft.org/schema/mule/core/current/mule.xsd http://www.mulesoft.org/schema/mule/liferay http://www.mulesoft.org/schema/mule/liferay/current/mule-liferay.xsd"
>
	<configuration-properties file="automation-credentials.properties" />
	<liferay:config name="Liferay_Invalid_Config" >
		<liferay:oauth2-connection openApiSpecPath="${liferay.openApiSpecPath}" consumerKey="${liferay.consumerKey}" consumerSecret="invalid-secret" />
	</liferay:config>
	<liferay:config name="Liferay_Valid_Config" >
		<liferay:oauth2-connection openApiSpecPath="${liferay.openApiSpecPath}" consumerKey="${liferay.consumerKey}" consumerSecret="${liferay.consumerSecret}" />
	</liferay:config>
	<flow name="invalid-oauth2-connection-flow" >
		<liferay:get endpoint="/v1.0/openapi.json" config-ref="Liferay_Invalid_Config" />
	</flow>
	<flow name="valid-oauth2-connection-flow" >
		<liferay:get endpoint="/v1.0/openapi.json" config-ref="Liferay_Valid_Config" />
	</flow>
</mule>